<?xml version="1.0" encoding="UTF-8"?>
<testng-results skipped="0" failed="0" total="2" passed="2">
  <reporter-output>
  </reporter-output>
  <suite name="Default suite" duration-ms="56" started-at="2018-06-08T03:30:23Z" finished-at="2018-06-08T03:30:23Z">
    <groups>
    </groups>
    <test name="Default test" duration-ms="56" started-at="2018-06-08T03:30:23Z" finished-at="2018-06-08T03:30:23Z">
      <class name="practiceone.Pracetice1OnTestng">
        <test-method status="PASS" signature="beforeTest()[pri:0, instance:practiceone.Pracetice1OnTestng@6d4b1c02]" name="beforeTest" is-config="true" duration-ms="16" started-at="2018-06-08T11:30:23Z" finished-at="2018-06-08T11:30:23Z">
          <reporter-output>
          </reporter-output>
        </test-method> <!-- beforeTest -->
        <test-method status="PASS" signature="beforeClass()[pri:0, instance:practiceone.Pracetice1OnTestng@6d4b1c02]" name="beforeClass" is-config="true" duration-ms="0" started-at="2018-06-08T11:30:23Z" finished-at="2018-06-08T11:30:23Z">
          <reporter-output>
          </reporter-output>
        </test-method> <!-- beforeClass -->
        <test-method status="PASS" signature="test1()[pri:0, instance:practiceone.Pracetice1OnTestng@6d4b1c02]" name="test1" duration-ms="7" started-at="2018-06-08T11:30:23Z" finished-at="2018-06-08T11:30:23Z">
          <reporter-output>
          </reporter-output>
        </test-method> <!-- test1 -->
        <test-method status="PASS" signature="beforeMethod()[pri:0, instance:practiceone.Pracetice1OnTestng@6d4b1c02]" name="beforeMethod" is-config="true" duration-ms="0" started-at="2018-06-08T11:30:23Z" finished-at="2018-06-08T11:30:23Z">
          <reporter-output>
          </reporter-output>
        </test-method> <!-- beforeMethod -->
        <test-method status="PASS" signature="afterMethod()[pri:0, instance:practiceone.Pracetice1OnTestng@6d4b1c02]" name="afterMethod" is-config="true" duration-ms="1" started-at="2018-06-08T11:30:23Z" finished-at="2018-06-08T11:30:23Z">
          <reporter-output>
          </reporter-output>
        </test-method> <!-- afterMethod -->
        <test-method status="PASS" signature="beforeMethod()[pri:0, instance:practiceone.Pracetice1OnTestng@6d4b1c02]" name="beforeMethod" is-config="true" duration-ms="1" started-at="2018-06-08T11:30:23Z" finished-at="2018-06-08T11:30:23Z">
          <reporter-output>
          </reporter-output>
        </test-method> <!-- beforeMethod -->
        <test-method status="PASS" signature="test2()[pri:0, instance:practiceone.Pracetice1OnTestng@6d4b1c02]" name="test2" duration-ms="3" started-at="2018-06-08T11:30:23Z" finished-at="2018-06-08T11:30:23Z">
          <reporter-output>
          </reporter-output>
        </test-method> <!-- test2 -->
        <test-method status="PASS" signature="afterMethod()[pri:0, instance:practiceone.Pracetice1OnTestng@6d4b1c02]" name="afterMethod" is-config="true" duration-ms="0" started-at="2018-06-08T11:30:23Z" finished-at="2018-06-08T11:30:23Z">
          <reporter-output>
          </reporter-output>
        </test-method> <!-- afterMethod -->
        <test-method status="PASS" signature="afterClass()[pri:0, instance:practiceone.Pracetice1OnTestng@6d4b1c02]" name="afterClass" is-config="true" duration-ms="0" started-at="2018-06-08T11:30:23Z" finished-at="2018-06-08T11:30:23Z">
          <reporter-output>
          </reporter-output>
        </test-method> <!-- afterClass -->
        <test-method status="PASS" signature="afterTest()[pri:0, instance:practiceone.Pracetice1OnTestng@6d4b1c02]" name="afterTest" is-config="true" duration-ms="0" started-at="2018-06-08T11:30:23Z" finished-at="2018-06-08T11:30:23Z">
          <reporter-output>
          </reporter-output>
        </test-method> <!-- afterTest -->
      </class> <!-- practiceone.Pracetice1OnTestng -->
    </test> <!-- Default test -->
  </suite> <!-- Default suite -->
</testng-results>
